<?xml version="1.0" encoding="UTF-8"?>
<!-- Generated by org.testng.reporters.JUnitReportReporter -->
<testsuite skipped="0" hostname="IND-SDharmik" name="testcases.SeleniumTest" tests="1" failures="0" timestamp="30 Apr 2018 17:48:32 GMT" time="11.502" errors="0">
  <testcase name="test001" time="11.502" classname="testcases.SeleniumTest"/>
</testsuite> <!-- testcases.SeleniumTest -->
