<?xml version="1.0" encoding="UTF-8"?>
<!-- Generated by org.testng.reporters.JUnitReportReporter -->
<testsuite name="testcases.SeleniumTest" tests="1" time="16.684" ignored="0" failures="0" timestamp="30 Apr 2018 17:52:13 GMT" skipped="0" hostname="IND-SDharmik" errors="0">
  <testcase name="test001" time="16.684" classname="testcases.SeleniumTest"/>
</testsuite> <!-- testcases.SeleniumTest -->
